<?xml version="1.0" encoding="UTF-8"?>
<robot generator="Robot 7.3.2 (Python 3.14.0 on win32)" generated="2025-10-27T14:00:49.830383" rpa="false" schemaversion="5">
<suite id="s1" name="Backups" source="c:\Semptify\Semptify\backups">
<suite id="s1-s1" name="Before Rename 20251021183523" source="c:\Semptify\Semptify\backups\before_rename_20251021183523">
<suite id="s1-s1-s1" name="Robot Smoke" source="c:\Semptify\Semptify\backups\before_rename_20251021183523\robot_smoke.robot">
<kw name="Create Session" owner="RequestsLibrary" type="SETUP">
<msg time="2025-10-27T14:00:50.660700" level="INFO">Creating Session using : alias=semptify, url=http://127.0.0.1:8081, headers={},                     cookies={}, auth=None, timeout=None, proxies=None, verify=False,                     debug=0 </msg>
<arg>semptify</arg>
<arg>${BASE_URL}</arg>
<doc>Create Session: create a HTTP session to a server</doc>
<status status="PASS" start="2025-10-27T14:00:50.659927" elapsed="0.025431"/>
</kw>
<test id="s1-s1-s1-t1" name="Health Endpoint Returns 200" line="9">
<kw name="GET On Session" owner="RequestsLibrary">
<msg time="2025-10-27T14:00:52.776109" level="WARN">Retrying (RetryAdapter(total=2, connect=None, read=None, redirect=None, status=None)) after connection broken by 'NewConnectionError('&lt;urllib3.connection.HTTPConnection object at 0x0000029EFBC8DE80&gt;: Failed to establish a new connection: [WinError 10061] No connection could be made because the target machine actively refused it')': /health</msg>
<msg time="2025-10-27T14:00:55.000374" level="WARN">Retrying (RetryAdapter(total=1, connect=None, read=None, redirect=None, status=None)) after connection broken by 'NewConnectionError('&lt;urllib3.connection.HTTPConnection object at 0x0000029EFBCF6710&gt;: Failed to establish a new connection: [WinError 10061] No connection could be made because the target machine actively refused it')': /health</msg>
<msg time="2025-10-27T14:00:57.427848" level="WARN">Retrying (RetryAdapter(total=0, connect=None, read=None, redirect=None, status=None)) after connection broken by 'NewConnectionError('&lt;urllib3.connection.HTTPConnection object at 0x0000029EFBCF6990&gt;: Failed to establish a new connection: [WinError 10061] No connection could be made because the target machine actively refused it')': /health</msg>
<msg time="2025-10-27T14:00:59.463990" level="FAIL">ConnectionError: HTTPConnectionPool(host='127.0.0.1', port=8081): Max retries exceeded with url: /health (Caused by NewConnectionError('&lt;urllib3.connection.HTTPConnection object at 0x0000029EFBD4F950&gt;: Failed to establish a new connection: [WinError 10061] No connection could be made because the target machine actively refused it'))</msg>
<var>${resp}</var>
<arg>semptify</arg>
<arg>/health</arg>
<doc>Sends a GET request on a previously created HTTP Session.</doc>
<status status="FAIL" start="2025-10-27T14:00:50.687073" elapsed="8.954548">ConnectionError: HTTPConnectionPool(host='127.0.0.1', port=8081): Max retries exceeded with url: /health (Caused by NewConnectionError('&lt;urllib3.connection.HTTPConnection object at 0x0000029EFBD4F950&gt;: Failed to establish a new connection: [WinError 10061] No connection could be made because the target machine actively refused it'))</status>
</kw>
<kw name="Should Be Equal As Integers" owner="BuiltIn">
<arg>${resp.status_code}</arg>
<arg>200</arg>
<doc>Fails if objects are unequal after converting them to integers.</doc>
<status status="NOT RUN" start="2025-10-27T14:00:59.642478" elapsed="0.000266"/>
</kw>
<status status="FAIL" start="2025-10-27T14:00:50.685866" elapsed="8.957723">ConnectionError: HTTPConnectionPool(host='127.0.0.1', port=8081): Max retries exceeded with url: /health (Caused by NewConnectionError('&lt;urllib3.connection.HTTPConnection object at 0x0000029EFBD4F950&gt;: Failed to establish a new connection: [WinError 10061] No connection could be made because the target machine actively refused it'))</status>
</test>
<test id="s1-s1-s1-t2" name="Readyz Endpoint Returns 200" line="13">
<kw name="GET On Session" owner="RequestsLibrary">
<msg time="2025-10-27T14:01:01.661352" level="WARN">Retrying (RetryAdapter(total=2, connect=None, read=None, redirect=None, status=None)) after connection broken by 'NewConnectionError('&lt;urllib3.connection.HTTPConnection object at 0x0000029EFBD64180&gt;: Failed to establish a new connection: [WinError 10061] No connection could be made because the target machine actively refused it')': /readyz</msg>
<msg time="2025-10-27T14:01:03.913762" level="WARN">Retrying (RetryAdapter(total=1, connect=None, read=None, redirect=None, status=None)) after connection broken by 'NewConnectionError('&lt;urllib3.connection.HTTPConnection object at 0x0000029EFBD2A7B0&gt;: Failed to establish a new connection: [WinError 10061] No connection could be made because the target machine actively refused it')': /readyz</msg>
<msg time="2025-10-27T14:01:06.344603" level="WARN">Retrying (RetryAdapter(total=0, connect=None, read=None, redirect=None, status=None)) after connection broken by 'NewConnectionError('&lt;urllib3.connection.HTTPConnection object at 0x0000029EFBDFC6B0&gt;: Failed to establish a new connection: [WinError 10061] No connection could be made because the target machine actively refused it')': /readyz</msg>
<msg time="2025-10-27T14:01:08.381417" level="FAIL">ConnectionError: HTTPConnectionPool(host='127.0.0.1', port=8081): Max retries exceeded with url: /readyz (Caused by NewConnectionError('&lt;urllib3.connection.HTTPConnection object at 0x0000029EFBDFCAF0&gt;: Failed to establish a new connection: [WinError 10061] No connection could be made because the target machine actively refused it'))</msg>
<var>${resp}</var>
<arg>semptify</arg>
<arg>/readyz</arg>
<doc>Sends a GET request on a previously created HTTP Session.</doc>
<status status="FAIL" start="2025-10-27T14:00:59.645438" elapsed="8.744747">ConnectionError: HTTPConnectionPool(host='127.0.0.1', port=8081): Max retries exceeded with url: /readyz (Caused by NewConnectionError('&lt;urllib3.connection.HTTPConnection object at 0x0000029EFBDFCAF0&gt;: Failed to establish a new connection: [WinError 10061] No connection could be made because the target machine actively refused it'))</status>
</kw>
<kw name="Should Be Equal As Integers" owner="BuiltIn">
<arg>${resp.status_code}</arg>
<arg>200</arg>
<doc>Fails if objects are unequal after converting them to integers.</doc>
<status status="NOT RUN" start="2025-10-27T14:01:08.390985" elapsed="0.000187"/>
</kw>
<status status="FAIL" start="2025-10-27T14:00:59.644879" elapsed="8.746926">ConnectionError: HTTPConnectionPool(host='127.0.0.1', port=8081): Max retries exceeded with url: /readyz (Caused by NewConnectionError('&lt;urllib3.connection.HTTPConnection object at 0x0000029EFBDFCAF0&gt;: Failed to establish a new connection: [WinError 10061] No connection could be made because the target machine actively refused it'))</status>
</test>
<test id="s1-s1-s1-t3" name="Index Contains Banner" line="17">
<kw name="GET On Session" owner="RequestsLibrary">
<msg time="2025-10-27T14:01:10.422940" level="WARN">Retrying (RetryAdapter(total=2, connect=None, read=None, redirect=None, status=None)) after connection broken by 'NewConnectionError('&lt;urllib3.connection.HTTPConnection object at 0x0000029EFBDFD8C0&gt;: Failed to establish a new connection: [WinError 10061] No connection could be made because the target machine actively refused it')': /</msg>
<msg time="2025-10-27T14:01:12.632260" level="WARN">Retrying (RetryAdapter(total=1, connect=None, read=None, redirect=None, status=None)) after connection broken by 'NewConnectionError('&lt;urllib3.connection.HTTPConnection object at 0x0000029EFBDFDBF0&gt;: Failed to establish a new connection: [WinError 10061] No connection could be made because the target machine actively refused it')': /</msg>
<msg time="2025-10-27T14:01:15.074309" level="WARN">Retrying (RetryAdapter(total=0, connect=None, read=None, redirect=None, status=None)) after connection broken by 'NewConnectionError('&lt;urllib3.connection.HTTPConnection object at 0x0000029EFBDFE030&gt;: Failed to establish a new connection: [WinError 10061] No connection could be made because the target machine actively refused it')': /</msg>
<msg time="2025-10-27T14:01:17.112890" level="FAIL">ConnectionError: HTTPConnectionPool(host='127.0.0.1', port=8081): Max retries exceeded with url: / (Caused by NewConnectionError('&lt;urllib3.connection.HTTPConnection object at 0x0000029EFBDFE360&gt;: Failed to establish a new connection: [WinError 10061] No connection could be made because the target machine actively refused it'))</msg>
<var>${resp}</var>
<arg>semptify</arg>
<arg>/</arg>
<doc>Sends a GET request on a previously created HTTP Session.</doc>
<status status="FAIL" start="2025-10-27T14:01:08.394075" elapsed="8.724758">ConnectionError: HTTPConnectionPool(host='127.0.0.1', port=8081): Max retries exceeded with url: / (Caused by NewConnectionError('&lt;urllib3.connection.HTTPConnection object at 0x0000029EFBDFE360&gt;: Failed to establish a new connection: [WinError 10061] No connection could be made because the target machine actively refused it'))</status>
</kw>
<kw name="Should Contain" owner="BuiltIn">
<arg>${resp.text}</arg>
<arg>SemptifyGUI is live</arg>
<doc>Fails if ``container`` does not contain ``item`` one or more times.</doc>
<status status="NOT RUN" start="2025-10-27T14:01:17.119710" elapsed="0.000204"/>
</kw>
<status status="FAIL" start="2025-10-27T14:01:08.393408" elapsed="8.727304">ConnectionError: HTTPConnectionPool(host='127.0.0.1', port=8081): Max retries exceeded with url: / (Caused by NewConnectionError('&lt;urllib3.connection.HTTPConnection object at 0x0000029EFBDFE360&gt;: Failed to establish a new connection: [WinError 10061] No connection could be made because the target machine actively refused it'))</status>
</test>
<status status="FAIL" start="2025-10-27T14:00:50.437604" elapsed="26.685054"/>
</suite>
<status status="FAIL" start="2025-10-27T14:00:50.433689" elapsed="26.691355"/>
</suite>
<suite id="s1-s2" name="Before Rename 20251021185657" source="c:\Semptify\Semptify\backups\before_rename_20251021185657">
<suite id="s1-s2-s1" name="Robot Smoke" source="c:\Semptify\Semptify\backups\before_rename_20251021185657\robot_smoke.robot">
<kw name="Create Session" owner="RequestsLibrary" type="SETUP">
<msg time="2025-10-27T14:01:17.134193" level="INFO">Creating Session using : alias=semptify, url=http://127.0.0.1:8081, headers={},                     cookies={}, auth=None, timeout=None, proxies=None, verify=False,                     debug=0 </msg>
<arg>semptify</arg>
<arg>${BASE_URL}</arg>
<doc>Create Session: create a HTTP session to a server</doc>
<status status="PASS" start="2025-10-27T14:01:17.133931" elapsed="0.001153"/>
</kw>
<test id="s1-s2-s1-t1" name="Health Endpoint Returns 200" line="9">
<kw name="GET On Session" owner="RequestsLibrary">
<msg time="2025-10-27T14:01:19.161033" level="WARN">Retrying (RetryAdapter(total=2, connect=None, read=None, redirect=None, status=None)) after connection broken by 'NewConnectionError('&lt;urllib3.connection.HTTPConnection object at 0x0000029EFBCBBBD0&gt;: Failed to establish a new connection: [WinError 10061] No connection could be made because the target machine actively refused it')': /health</msg>
<msg time="2025-10-27T14:01:21.391767" level="WARN">Retrying (RetryAdapter(total=1, connect=None, read=None, redirect=None, status=None)) after connection broken by 'NewConnectionError('&lt;urllib3.connection.HTTPConnection object at 0x0000029EFBCBBAC0&gt;: Failed to establish a new connection: [WinError 10061] No connection could be made because the target machine actively refused it')': /health</msg>
<msg time="2025-10-27T14:01:23.824577" level="WARN">Retrying (RetryAdapter(total=0, connect=None, read=None, redirect=None, status=None)) after connection broken by 'NewConnectionError('&lt;urllib3.connection.HTTPConnection object at 0x0000029EFBCBB460&gt;: Failed to establish a new connection: [WinError 10061] No connection could be made because the target machine actively refused it')': /health</msg>
<msg time="2025-10-27T14:01:25.854755" level="FAIL">ConnectionError: HTTPConnectionPool(host='127.0.0.1', port=8081): Max retries exceeded with url: /health (Caused by NewConnectionError('&lt;urllib3.connection.HTTPConnection object at 0x0000029EFBDFE470&gt;: Failed to establish a new connection: [WinError 10061] No connection could be made because the target machine actively refused it'))</msg>
<var>${resp}</var>
<arg>semptify</arg>
<arg>/health</arg>
<doc>Sends a GET request on a previously created HTTP Session.</doc>
<status status="FAIL" start="2025-10-27T14:01:17.135978" elapsed="8.727444">ConnectionError: HTTPConnectionPool(host='127.0.0.1', port=8081): Max retries exceeded with url: /health (Caused by NewConnectionError('&lt;urllib3.connection.HTTPConnection object at 0x0000029EFBDFE470&gt;: Failed to establish a new connection: [WinError 10061] No connection could be made because the target machine actively refused it'))</status>
</kw>
<kw name="Should Be Equal As Integers" owner="BuiltIn">
<arg>${resp.status_code}</arg>
<arg>200</arg>
<doc>Fails if objects are unequal after converting them to integers.</doc>
<status status="NOT RUN" start="2025-10-27T14:01:25.864202" elapsed="0.000181"/>
</kw>
<status status="FAIL" start="2025-10-27T14:01:17.135270" elapsed="8.729737">ConnectionError: HTTPConnectionPool(host='127.0.0.1', port=8081): Max retries exceeded with url: /health (Caused by NewConnectionError('&lt;urllib3.connection.HTTPConnection object at 0x0000029EFBDFE470&gt;: Failed to establish a new connection: [WinError 10061] No connection could be made because the target machine actively refused it'))</status>
</test>
<test id="s1-s2-s1-t2" name="Readyz Endpoint Returns 200" line="13">
<kw name="GET On Session" owner="RequestsLibrary">
<msg time="2025-10-27T14:01:27.904720" level="WARN">Retrying (RetryAdapter(total=2, connect=None, read=None, redirect=None, status=None)) after connection broken by 'NewConnectionError('&lt;urllib3.connection.HTTPConnection object at 0x0000029EFBDFDF20&gt;: Failed to establish a new connection: [WinError 10061] No connection could be made because the target machine actively refused it')': /readyz</msg>
<msg time="2025-10-27T14:01:30.138866" level="WARN">Retrying (RetryAdapter(total=1, connect=None, read=None, redirect=None, status=None)) after connection broken by 'NewConnectionError('&lt;urllib3.connection.HTTPConnection object at 0x0000029EFBDFD6A0&gt;: Failed to establish a new connection: [WinError 10061] No connection could be made because the target machine actively refused it')': /readyz</msg>
<msg time="2025-10-27T14:01:32.572053" level="WARN">Retrying (RetryAdapter(total=0, connect=None, read=None, redirect=None, status=None)) after connection broken by 'NewConnectionError('&lt;urllib3.connection.HTTPConnection object at 0x0000029EFBDFC270&gt;: Failed to establish a new connection: [WinError 10061] No connection could be made because the target machine actively refused it')': /readyz</msg>
<msg time="2025-10-27T14:01:34.604838" level="FAIL">ConnectionError: HTTPConnectionPool(host='127.0.0.1', port=8081): Max retries exceeded with url: /readyz (Caused by NewConnectionError('&lt;urllib3.connection.HTTPConnection object at 0x0000029EFBDFD260&gt;: Failed to establish a new connection: [WinError 10061] No connection could be made because the target machine actively refused it'))</msg>
<var>${resp}</var>
<arg>semptify</arg>
<arg>/readyz</arg>
<doc>Sends a GET request on a previously created HTTP Session.</doc>
<status status="FAIL" start="2025-10-27T14:01:25.867019" elapsed="8.747201">ConnectionError: HTTPConnectionPool(host='127.0.0.1', port=8081): Max retries exceeded with url: /readyz (Caused by NewConnectionError('&lt;urllib3.connection.HTTPConnection object at 0x0000029EFBDFD260&gt;: Failed to establish a new connection: [WinError 10061] No connection could be made because the target machine actively refused it'))</status>
</kw>
<kw name="Should Be Equal As Integers" owner="BuiltIn">
<arg>${resp.status_code}</arg>
<arg>200</arg>
<doc>Fails if objects are unequal after converting them to integers.</doc>
<status status="NOT RUN" start="2025-10-27T14:01:34.614934" elapsed="0.000153"/>
</kw>
<status status="FAIL" start="2025-10-27T14:01:25.866418" elapsed="8.749320">ConnectionError: HTTPConnectionPool(host='127.0.0.1', port=8081): Max retries exceeded with url: /readyz (Caused by NewConnectionError('&lt;urllib3.connection.HTTPConnection object at 0x0000029EFBDFD260&gt;: Failed to establish a new connection: [WinError 10061] No connection could be made because the target machine actively refused it'))</status>
</test>
<test id="s1-s2-s1-t3" name="Index Contains Banner" line="17">
<kw name="GET On Session" owner="RequestsLibrary">
<msg time="2025-10-27T14:01:36.640177" level="WARN">Retrying (RetryAdapter(total=2, connect=None, read=None, redirect=None, status=None)) after connection broken by 'NewConnectionError('&lt;urllib3.connection.HTTPConnection object at 0x0000029EFBDFD040&gt;: Failed to establish a new connection: [WinError 10061] No connection could be made because the target machine actively refused it')': /</msg>
<msg time="2025-10-27T14:01:38.858135" level="WARN">Retrying (RetryAdapter(total=1, connect=None, read=None, redirect=None, status=None)) after connection broken by 'NewConnectionError('&lt;urllib3.connection.HTTPConnection object at 0x0000029EFBDFCAF0&gt;: Failed to establish a new connection: [WinError 10061] No connection could be made because the target machine actively refused it')': /</msg>
<msg time="2025-10-27T14:01:41.274710" level="WARN">Retrying (RetryAdapter(total=0, connect=None, read=None, redirect=None, status=None)) after connection broken by 'NewConnectionError('&lt;urllib3.connection.HTTPConnection object at 0x0000029EFBDFC7C0&gt;: Failed to establish a new connection: [WinError 10061] No connection could be made because the target machine actively refused it')': /</msg>
<msg time="2025-10-27T14:01:43.303496" level="FAIL">ConnectionError: HTTPConnectionPool(host='127.0.0.1', port=8081): Max retries exceeded with url: / (Caused by NewConnectionError('&lt;urllib3.connection.HTTPConnection object at 0x0000029EFBDFC050&gt;: Failed to establish a new connection: [WinError 10061] No connection could be made because the target machine actively refused it'))</msg>
<var>${resp}</var>
<arg>semptify</arg>
<arg>/</arg>
<doc>Sends a GET request on a previously created HTTP Session.</doc>
<status status="FAIL" start="2025-10-27T14:01:34.618147" elapsed="8.692194">ConnectionError: HTTPConnectionPool(host='127.0.0.1', port=8081): Max retries exceeded with url: / (Caused by NewConnectionError('&lt;urllib3.connection.HTTPConnection object at 0x0000029EFBDFC050&gt;: Failed to establish a new connection: [WinError 10061] No connection could be made because the target machine actively refused it'))</status>
</kw>
<kw name="Should Contain" owner="BuiltIn">
<arg>${resp.text}</arg>
<arg>SemptifyGUI is live</arg>
<doc>Fails if ``container`` does not contain ``item`` one or more times.</doc>
<status status="NOT RUN" start="2025-10-27T14:01:43.311193" elapsed="0.000205"/>
</kw>
<status status="FAIL" start="2025-10-27T14:01:34.617352" elapsed="8.694851">ConnectionError: HTTPConnectionPool(host='127.0.0.1', port=8081): Max retries exceeded with url: / (Caused by NewConnectionError('&lt;urllib3.connection.HTTPConnection object at 0x0000029EFBDFC050&gt;: Failed to establish a new connection: [WinError 10061] No connection could be made because the target machine actively refused it'))</status>
</test>
<status status="FAIL" start="2025-10-27T14:01:17.130547" elapsed="26.183198"/>
</suite>
<status status="FAIL" start="2025-10-27T14:01:17.126955" elapsed="26.189126"/>
</suite>
<suite id="s1-s3" name="Before Rename 20251021222753" source="c:\Semptify\Semptify\backups\before_rename_20251021222753">
<suite id="s1-s3-s1" name="Robot Smoke" source="c:\Semptify\Semptify\backups\before_rename_20251021222753\robot_smoke.robot">
<kw name="Create Session" owner="RequestsLibrary" type="SETUP">
<msg time="2025-10-27T14:01:43.325121" level="INFO">Creating Session using : alias=semptify, url=http://127.0.0.1:8081, headers={},                     cookies={}, auth=None, timeout=None, proxies=None, verify=False,                     debug=0 </msg>
<arg>semptify</arg>
<arg>${BASE_URL}</arg>
<doc>Create Session: create a HTTP session to a server</doc>
<status status="PASS" start="2025-10-27T14:01:43.324859" elapsed="0.001151"/>
</kw>
<test id="s1-s3-s1-t1" name="Health Endpoint Returns 200" line="9">
<kw name="GET On Session" owner="RequestsLibrary">
<msg time="2025-10-27T14:01:45.370793" level="WARN">Retrying (RetryAdapter(total=2, connect=None, read=None, redirect=None, status=None)) after connection broken by 'NewConnectionError('&lt;urllib3.connection.HTTPConnection object at 0x0000029EFBE3C160&gt;: Failed to establish a new connection: [WinError 10061] No connection could be made because the target machine actively refused it')': /health</msg>
<msg time="2025-10-27T14:01:47.606084" level="WARN">Retrying (RetryAdapter(total=1, connect=None, read=None, redirect=None, status=None)) after connection broken by 'NewConnectionError('&lt;urllib3.connection.HTTPConnection object at 0x0000029EFBE3C490&gt;: Failed to establish a new connection: [WinError 10061] No connection could be made because the target machine actively refused it')': /health</msg>
<msg time="2025-10-27T14:01:50.038836" level="WARN">Retrying (RetryAdapter(total=0, connect=None, read=None, redirect=None, status=None)) after connection broken by 'NewConnectionError('&lt;urllib3.connection.HTTPConnection object at 0x0000029EFBE3C8D0&gt;: Failed to establish a new connection: [WinError 10061] No connection could be made because the target machine actively refused it')': /health</msg>
<msg time="2025-10-27T14:01:52.072178" level="FAIL">ConnectionError: HTTPConnectionPool(host='127.0.0.1', port=8081): Max retries exceeded with url: /health (Caused by NewConnectionError('&lt;urllib3.connection.HTTPConnection object at 0x0000029EFBE3CC00&gt;: Failed to establish a new connection: [WinError 10061] No connection could be made because the target machine actively refused it'))</msg>
<var>${resp}</var>
<arg>semptify</arg>
<arg>/health</arg>
<doc>Sends a GET request on a previously created HTTP Session.</doc>
<status status="FAIL" start="2025-10-27T14:01:43.326871" elapsed="8.753690">ConnectionError: HTTPConnectionPool(host='127.0.0.1', port=8081): Max retries exceeded with url: /health (Caused by NewConnectionError('&lt;urllib3.connection.HTTPConnection object at 0x0000029EFBE3CC00&gt;: Failed to establish a new connection: [WinError 10061] No connection could be made because the target machine actively refused it'))</status>
</kw>
<kw name="Should Be Equal As Integers" owner="BuiltIn">
<arg>${resp.status_code}</arg>
<arg>200</arg>
<doc>Fails if objects are unequal after converting them to integers.</doc>
<status status="NOT RUN" start="2025-10-27T14:01:52.081521" elapsed="0.000208"/>
</kw>
<status status="FAIL" start="2025-10-27T14:01:43.326202" elapsed="8.756351">ConnectionError: HTTPConnectionPool(host='127.0.0.1', port=8081): Max retries exceeded with url: /health (Caused by NewConnectionError('&lt;urllib3.connection.HTTPConnection object at 0x0000029EFBE3CC00&gt;: Failed to establish a new connection: [WinError 10061] No connection could be made because the target machine actively refused it'))</status>
</test>
<test id="s1-s3-s1-t2" name="Readyz Endpoint Returns 200" line="13">
<kw name="GET On Session" owner="RequestsLibrary">
<msg time="2025-10-27T14:01:54.106404" level="WARN">Retrying (RetryAdapter(total=2, connect=None, read=None, redirect=None, status=None)) after connection broken by 'NewConnectionError('&lt;urllib3.connection.HTTPConnection object at 0x0000029EFBE3D370&gt;: Failed to establish a new connection: [WinError 10061] No connection could be made because the target machine actively refused it')': /readyz</msg>
<msg time="2025-10-27T14:01:56.324370" level="WARN">Retrying (RetryAdapter(total=1, connect=None, read=None, redirect=None, status=None)) after connection broken by 'NewConnectionError('&lt;urllib3.connection.HTTPConnection object at 0x0000029EFBE3D480&gt;: Failed to establish a new connection: [WinError 10061] No connection could be made because the target machine actively refused it')': /readyz</msg>
<msg time="2025-10-27T14:01:58.757710" level="WARN">Retrying (RetryAdapter(total=0, connect=None, read=None, redirect=None, status=None)) after connection broken by 'NewConnectionError('&lt;urllib3.connection.HTTPConnection object at 0x0000029EFBDFFCE0&gt;: Failed to establish a new connection: [WinError 10061] No connection could be made because the target machine actively refused it')': /readyz</msg>
<msg time="2025-10-27T14:02:00.789812" level="FAIL">ConnectionError: HTTPConnectionPool(host='127.0.0.1', port=8081): Max retries exceeded with url: /readyz (Caused by NewConnectionError('&lt;urllib3.connection.HTTPConnection object at 0x0000029EFBDFFDF0&gt;: Failed to establish a new connection: [WinError 10061] No connection could be made because the target machine actively refused it'))</msg>
<var>${resp}</var>
<arg>semptify</arg>
<arg>/readyz</arg>
<doc>Sends a GET request on a previously created HTTP Session.</doc>
<status status="FAIL" start="2025-10-27T14:01:52.084658" elapsed="8.712987">ConnectionError: HTTPConnectionPool(host='127.0.0.1', port=8081): Max retries exceeded with url: /readyz (Caused by NewConnectionError('&lt;urllib3.connection.HTTPConnection object at 0x0000029EFBDFFDF0&gt;: Failed to establish a new connection: [WinError 10061] No connection could be made because the target machine actively refused it'))</status>
</kw>
<kw name="Should Be Equal As Integers" owner="BuiltIn">
<arg>${resp.status_code}</arg>
<arg>200</arg>
<doc>Fails if objects are unequal after converting them to integers.</doc>
<status status="NOT RUN" start="2025-10-27T14:02:00.798493" elapsed="0.000209"/>
</kw>
<status status="FAIL" start="2025-10-27T14:01:52.083968" elapsed="8.715448">ConnectionError: HTTPConnectionPool(host='127.0.0.1', port=8081): Max retries exceeded with url: /readyz (Caused by NewConnectionError('&lt;urllib3.connection.HTTPConnection object at 0x0000029EFBDFFDF0&gt;: Failed to establish a new connection: [WinError 10061] No connection could be made because the target machine actively refused it'))</status>
</test>
<test id="s1-s3-s1-t3" name="Index Contains Banner" line="17">
<kw name="GET On Session" owner="RequestsLibrary">
<msg time="2025-10-27T14:02:02.822698" level="WARN">Retrying (RetryAdapter(total=2, connect=None, read=None, redirect=None, status=None)) after connection broken by 'NewConnectionError('&lt;urllib3.connection.HTTPConnection object at 0x0000029EFBDFF460&gt;: Failed to establish a new connection: [WinError 10061] No connection could be made because the target machine actively refused it')': /</msg>
<msg time="2025-10-27T14:02:05.056570" level="WARN">Retrying (RetryAdapter(total=1, connect=None, read=None, redirect=None, status=None)) after connection broken by 'NewConnectionError('&lt;urllib3.connection.HTTPConnection object at 0x0000029EFBDFCC00&gt;: Failed to establish a new connection: [WinError 10061] No connection could be made because the target machine actively refused it')': /</msg>
<msg time="2025-10-27T14:02:07.488724" level="WARN">Retrying (RetryAdapter(total=0, connect=None, read=None, redirect=None, status=None)) after connection broken by 'NewConnectionError('&lt;urllib3.connection.HTTPConnection object at 0x0000029EFBDFCAF0&gt;: Failed to establish a new connection: [WinError 10061] No connection could be made because the target machine actively refused it')': /</msg>
<msg time="2025-10-27T14:02:09.521438" level="FAIL">ConnectionError: HTTPConnectionPool(host='127.0.0.1', port=8081): Max retries exceeded with url: / (Caused by NewConnectionError('&lt;urllib3.connection.HTTPConnection object at 0x0000029EFBDFC160&gt;: Failed to establish a new connection: [WinError 10061] No connection could be made because the target machine actively refused it'))</msg>
<var>${resp}</var>
<arg>semptify</arg>
<arg>/</arg>
<doc>Sends a GET request on a previously created HTTP Session.</doc>
<status status="FAIL" start="2025-10-27T14:02:00.801423" elapsed="8.727865">ConnectionError: HTTPConnectionPool(host='127.0.0.1', port=8081): Max retries exceeded with url: / (Caused by NewConnectionError('&lt;urllib3.connection.HTTPConnection object at 0x0000029EFBDFC160&gt;: Failed to establish a new connection: [WinError 10061] No connection could be made because the target machine actively refused it'))</status>
</kw>
<kw name="Should Contain" owner="BuiltIn">
<arg>${resp.text}</arg>
<arg>Semptify is live</arg>
<doc>Fails if ``container`` does not contain ``item`` one or more times.</doc>
<status status="NOT RUN" start="2025-10-27T14:02:09.530184" elapsed="0.000251"/>
</kw>
<status status="FAIL" start="2025-10-27T14:02:00.800820" elapsed="8.730399">ConnectionError: HTTPConnectionPool(host='127.0.0.1', port=8081): Max retries exceeded with url: / (Caused by NewConnectionError('&lt;urllib3.connection.HTTPConnection object at 0x0000029EFBDFC160&gt;: Failed to establish a new connection: [WinError 10061] No connection could be made because the target machine actively refused it'))</status>
</test>
<status status="FAIL" start="2025-10-27T14:01:43.320457" elapsed="26.212207"/>
</suite>
<status status="FAIL" start="2025-10-27T14:01:43.317994" elapsed="26.216716"/>
</suite>
<status status="FAIL" start="2025-10-27T14:00:50.382167" elapsed="79.154615"/>
</suite>
<statistics>
<total>
<stat pass="0" fail="9" skip="0">All Tests</stat>
</total>
<tag>
</tag>
<suite>
<stat name="Backups" id="s1" pass="0" fail="9" skip="0">Backups</stat>
<stat name="Before Rename 20251021183523" id="s1-s1" pass="0" fail="3" skip="0">Backups.Before Rename 20251021183523</stat>
<stat name="Robot Smoke" id="s1-s1-s1" pass="0" fail="3" skip="0">Backups.Before Rename 20251021183523.Robot Smoke</stat>
<stat name="Before Rename 20251021185657" id="s1-s2" pass="0" fail="3" skip="0">Backups.Before Rename 20251021185657</stat>
<stat name="Robot Smoke" id="s1-s2-s1" pass="0" fail="3" skip="0">Backups.Before Rename 20251021185657.Robot Smoke</stat>
<stat name="Before Rename 20251021222753" id="s1-s3" pass="0" fail="3" skip="0">Backups.Before Rename 20251021222753</stat>
<stat name="Robot Smoke" id="s1-s3-s1" pass="0" fail="3" skip="0">Backups.Before Rename 20251021222753.Robot Smoke</stat>
</suite>
</statistics>
<errors>
<msg time="2025-10-27T14:00:52.776109" level="WARN">Retrying (RetryAdapter(total=2, connect=None, read=None, redirect=None, status=None)) after connection broken by 'NewConnectionError('&lt;urllib3.connection.HTTPConnection object at 0x0000029EFBC8DE80&gt;: Failed to establish a new connection: [WinError 10061] No connection could be made because the target machine actively refused it')': /health</msg>
<msg time="2025-10-27T14:00:55.000374" level="WARN">Retrying (RetryAdapter(total=1, connect=None, read=None, redirect=None, status=None)) after connection broken by 'NewConnectionError('&lt;urllib3.connection.HTTPConnection object at 0x0000029EFBCF6710&gt;: Failed to establish a new connection: [WinError 10061] No connection could be made because the target machine actively refused it')': /health</msg>
<msg time="2025-10-27T14:00:57.427848" level="WARN">Retrying (RetryAdapter(total=0, connect=None, read=None, redirect=None, status=None)) after connection broken by 'NewConnectionError('&lt;urllib3.connection.HTTPConnection object at 0x0000029EFBCF6990&gt;: Failed to establish a new connection: [WinError 10061] No connection could be made because the target machine actively refused it')': /health</msg>
<msg time="2025-10-27T14:01:01.661352" level="WARN">Retrying (RetryAdapter(total=2, connect=None, read=None, redirect=None, status=None)) after connection broken by 'NewConnectionError('&lt;urllib3.connection.HTTPConnection object at 0x0000029EFBD64180&gt;: Failed to establish a new connection: [WinError 10061] No connection could be made because the target machine actively refused it')': /readyz</msg>
<msg time="2025-10-27T14:01:03.913762" level="WARN">Retrying (RetryAdapter(total=1, connect=None, read=None, redirect=None, status=None)) after connection broken by 'NewConnectionError('&lt;urllib3.connection.HTTPConnection object at 0x0000029EFBD2A7B0&gt;: Failed to establish a new connection: [WinError 10061] No connection could be made because the target machine actively refused it')': /readyz</msg>
<msg time="2025-10-27T14:01:06.344603" level="WARN">Retrying (RetryAdapter(total=0, connect=None, read=None, redirect=None, status=None)) after connection broken by 'NewConnectionError('&lt;urllib3.connection.HTTPConnection object at 0x0000029EFBDFC6B0&gt;: Failed to establish a new connection: [WinError 10061] No connection could be made because the target machine actively refused it')': /readyz</msg>
<msg time="2025-10-27T14:01:10.422940" level="WARN">Retrying (RetryAdapter(total=2, connect=None, read=None, redirect=None, status=None)) after connection broken by 'NewConnectionError('&lt;urllib3.connection.HTTPConnection object at 0x0000029EFBDFD8C0&gt;: Failed to establish a new connection: [WinError 10061] No connection could be made because the target machine actively refused it')': /</msg>
<msg time="2025-10-27T14:01:12.632260" level="WARN">Retrying (RetryAdapter(total=1, connect=None, read=None, redirect=None, status=None)) after connection broken by 'NewConnectionError('&lt;urllib3.connection.HTTPConnection object at 0x0000029EFBDFDBF0&gt;: Failed to establish a new connection: [WinError 10061] No connection could be made because the target machine actively refused it')': /</msg>
<msg time="2025-10-27T14:01:15.074309" level="WARN">Retrying (RetryAdapter(total=0, connect=None, read=None, redirect=None, status=None)) after connection broken by 'NewConnectionError('&lt;urllib3.connection.HTTPConnection object at 0x0000029EFBDFE030&gt;: Failed to establish a new connection: [WinError 10061] No connection could be made because the target machine actively refused it')': /</msg>
<msg time="2025-10-27T14:01:19.161033" level="WARN">Retrying (RetryAdapter(total=2, connect=None, read=None, redirect=None, status=None)) after connection broken by 'NewConnectionError('&lt;urllib3.connection.HTTPConnection object at 0x0000029EFBCBBBD0&gt;: Failed to establish a new connection: [WinError 10061] No connection could be made because the target machine actively refused it')': /health</msg>
<msg time="2025-10-27T14:01:21.391767" level="WARN">Retrying (RetryAdapter(total=1, connect=None, read=None, redirect=None, status=None)) after connection broken by 'NewConnectionError('&lt;urllib3.connection.HTTPConnection object at 0x0000029EFBCBBAC0&gt;: Failed to establish a new connection: [WinError 10061] No connection could be made because the target machine actively refused it')': /health</msg>
<msg time="2025-10-27T14:01:23.824577" level="WARN">Retrying (RetryAdapter(total=0, connect=None, read=None, redirect=None, status=None)) after connection broken by 'NewConnectionError('&lt;urllib3.connection.HTTPConnection object at 0x0000029EFBCBB460&gt;: Failed to establish a new connection: [WinError 10061] No connection could be made because the target machine actively refused it')': /health</msg>
<msg time="2025-10-27T14:01:27.904720" level="WARN">Retrying (RetryAdapter(total=2, connect=None, read=None, redirect=None, status=None)) after connection broken by 'NewConnectionError('&lt;urllib3.connection.HTTPConnection object at 0x0000029EFBDFDF20&gt;: Failed to establish a new connection: [WinError 10061] No connection could be made because the target machine actively refused it')': /readyz</msg>
<msg time="2025-10-27T14:01:30.138866" level="WARN">Retrying (RetryAdapter(total=1, connect=None, read=None, redirect=None, status=None)) after connection broken by 'NewConnectionError('&lt;urllib3.connection.HTTPConnection object at 0x0000029EFBDFD6A0&gt;: Failed to establish a new connection: [WinError 10061] No connection could be made because the target machine actively refused it')': /readyz</msg>
<msg time="2025-10-27T14:01:32.572053" level="WARN">Retrying (RetryAdapter(total=0, connect=None, read=None, redirect=None, status=None)) after connection broken by 'NewConnectionError('&lt;urllib3.connection.HTTPConnection object at 0x0000029EFBDFC270&gt;: Failed to establish a new connection: [WinError 10061] No connection could be made because the target machine actively refused it')': /readyz</msg>
<msg time="2025-10-27T14:01:36.640177" level="WARN">Retrying (RetryAdapter(total=2, connect=None, read=None, redirect=None, status=None)) after connection broken by 'NewConnectionError('&lt;urllib3.connection.HTTPConnection object at 0x0000029EFBDFD040&gt;: Failed to establish a new connection: [WinError 10061] No connection could be made because the target machine actively refused it')': /</msg>
<msg time="2025-10-27T14:01:38.858135" level="WARN">Retrying (RetryAdapter(total=1, connect=None, read=None, redirect=None, status=None)) after connection broken by 'NewConnectionError('&lt;urllib3.connection.HTTPConnection object at 0x0000029EFBDFCAF0&gt;: Failed to establish a new connection: [WinError 10061] No connection could be made because the target machine actively refused it')': /</msg>
<msg time="2025-10-27T14:01:41.274710" level="WARN">Retrying (RetryAdapter(total=0, connect=None, read=None, redirect=None, status=None)) after connection broken by 'NewConnectionError('&lt;urllib3.connection.HTTPConnection object at 0x0000029EFBDFC7C0&gt;: Failed to establish a new connection: [WinError 10061] No connection could be made because the target machine actively refused it')': /</msg>
<msg time="2025-10-27T14:01:45.370793" level="WARN">Retrying (RetryAdapter(total=2, connect=None, read=None, redirect=None, status=None)) after connection broken by 'NewConnectionError('&lt;urllib3.connection.HTTPConnection object at 0x0000029EFBE3C160&gt;: Failed to establish a new connection: [WinError 10061] No connection could be made because the target machine actively refused it')': /health</msg>
<msg time="2025-10-27T14:01:47.606084" level="WARN">Retrying (RetryAdapter(total=1, connect=None, read=None, redirect=None, status=None)) after connection broken by 'NewConnectionError('&lt;urllib3.connection.HTTPConnection object at 0x0000029EFBE3C490&gt;: Failed to establish a new connection: [WinError 10061] No connection could be made because the target machine actively refused it')': /health</msg>
<msg time="2025-10-27T14:01:50.038836" level="WARN">Retrying (RetryAdapter(total=0, connect=None, read=None, redirect=None, status=None)) after connection broken by 'NewConnectionError('&lt;urllib3.connection.HTTPConnection object at 0x0000029EFBE3C8D0&gt;: Failed to establish a new connection: [WinError 10061] No connection could be made because the target machine actively refused it')': /health</msg>
<msg time="2025-10-27T14:01:54.106404" level="WARN">Retrying (RetryAdapter(total=2, connect=None, read=None, redirect=None, status=None)) after connection broken by 'NewConnectionError('&lt;urllib3.connection.HTTPConnection object at 0x0000029EFBE3D370&gt;: Failed to establish a new connection: [WinError 10061] No connection could be made because the target machine actively refused it')': /readyz</msg>
<msg time="2025-10-27T14:01:56.324370" level="WARN">Retrying (RetryAdapter(total=1, connect=None, read=None, redirect=None, status=None)) after connection broken by 'NewConnectionError('&lt;urllib3.connection.HTTPConnection object at 0x0000029EFBE3D480&gt;: Failed to establish a new connection: [WinError 10061] No connection could be made because the target machine actively refused it')': /readyz</msg>
<msg time="2025-10-27T14:01:58.757710" level="WARN">Retrying (RetryAdapter(total=0, connect=None, read=None, redirect=None, status=None)) after connection broken by 'NewConnectionError('&lt;urllib3.connection.HTTPConnection object at 0x0000029EFBDFFCE0&gt;: Failed to establish a new connection: [WinError 10061] No connection could be made because the target machine actively refused it')': /readyz</msg>
<msg time="2025-10-27T14:02:02.822698" level="WARN">Retrying (RetryAdapter(total=2, connect=None, read=None, redirect=None, status=None)) after connection broken by 'NewConnectionError('&lt;urllib3.connection.HTTPConnection object at 0x0000029EFBDFF460&gt;: Failed to establish a new connection: [WinError 10061] No connection could be made because the target machine actively refused it')': /</msg>
<msg time="2025-10-27T14:02:05.056570" level="WARN">Retrying (RetryAdapter(total=1, connect=None, read=None, redirect=None, status=None)) after connection broken by 'NewConnectionError('&lt;urllib3.connection.HTTPConnection object at 0x0000029EFBDFCC00&gt;: Failed to establish a new connection: [WinError 10061] No connection could be made because the target machine actively refused it')': /</msg>
<msg time="2025-10-27T14:02:07.488724" level="WARN">Retrying (RetryAdapter(total=0, connect=None, read=None, redirect=None, status=None)) after connection broken by 'NewConnectionError('&lt;urllib3.connection.HTTPConnection object at 0x0000029EFBDFCAF0&gt;: Failed to establish a new connection: [WinError 10061] No connection could be made because the target machine actively refused it')': /</msg>
</errors>
</robot>
